<?xml version="1.0" encoding="UTF-8"?>
<!-- Generated by org.testng.reporters.JUnitXMLReporter -->
<testsuite ignored="1" hostname="Jeffins-MBP" failures="0" tests="1" name="Default test" time="8.752" errors="0" timestamp="2025-06-25T18:34:09 EDT">
  <testcase classname="tests.SignupTest" name="TC_SIGNUP_002_testSignupWithExistingEmail" time="2.431"/>
  <testcase classname="tests.SignupTest" name="TC_SIGNUP_001_testSignupWithNewEmail" time="0.0">
    <ignored/>
  </testcase> <!-- TC_SIGNUP_001_testSignupWithNewEmail -->
</testsuite> <!-- Default test -->
