<?xml version="1.0" encoding="UTF-8"?>
<!-- Generated by org.testng.reporters.JUnitXMLReporter -->
<testsuite ignored="3" hostname="Jeffins-MBP" failures="0" tests="1" name="Default test" time="13.928" errors="0" timestamp="2025-06-18T13:16:57 EDT">
  <testcase classname="tests.CartTest" name="verifyCheckoutMessageGuestUser" time="8.781"/>
  <testcase classname="tests.CartTest" name="addProductsToCartAsGuest" time="0.0">
    <ignored/>
  </testcase> <!-- addProductsToCartAsGuest -->
  <testcase classname="tests.CartTest" name="removeProductsFromCartAsGuest" time="0.0">
    <ignored/>
  </testcase> <!-- removeProductsFromCartAsGuest -->
  <testcase classname="tests.CartTest" name="verifyUpdateProductQuantity" time="0.0">
    <ignored/>
  </testcase> <!-- verifyUpdateProductQuantity -->
</testsuite> <!-- Default test -->
