<?xml version="1.0" encoding="UTF-8"?>
<!-- Generated by org.testng.reporters.JUnitXMLReporter -->
<testsuite ignored="0" hostname="Jeffins-MBP" failures="0" tests="8" name="Test" time="76.873" errors="0" timestamp="2025-06-18T11:49:09 EDT">
  <testcase classname="tests.LoginTest" name="validLoginTest" time="6.28"/>
  <testcase classname="tests.LoginTest" name="invalidLoginTest" time="4.713"/>
  <testcase classname="tests.LoginTest" name="logoutTest" time="7.788"/>
  <testcase classname="tests.SignupTest" name="signupWithNewEmailTest" time="5.367"/>
  <testcase classname="tests.SignupTest" name="signupWithExistingEmailTest" time="5.976"/>
  <testcase classname="tests.CartTest" name="addProductsToCartAsGuest" time="6.22"/>
  <testcase classname="tests.CartTest" name="removeProductsFromCartAsGuest" time="9.642"/>
  <testcase classname="tests.CartTest" name="verifyUpdateProductQuantity" time="8.078"/>
</testsuite> <!-- Test -->
