<?xml version="1.0" encoding="UTF-8"?>
<!-- Generated by org.testng.reporters.JUnitXMLReporter -->
<testsuite ignored="0" hostname="Jeffins-MBP" failures="0" tests="13" name="Test" time="120.369" errors="0" timestamp="2025-06-25T15:45:32 EDT">
  <testcase classname="tests.LoginTest" name="testValidLogin" time="3.841"/>
  <testcase classname="tests.LoginTest" name="testInvalidLogin" time="2.127"/>
  <testcase classname="tests.LoginTest" name="testLogout" time="5.202"/>
  <testcase classname="tests.SignupTest" name="testSignupWithNewEmail" time="2.327"/>
  <testcase classname="tests.SignupTest" name="testSignupWithExistingEmail" time="2.317"/>
  <testcase classname="tests.CartTest" name="testAddProductsToCartAsGuest" time="4.653"/>
  <testcase classname="tests.CartTest" name="testCheckoutMessageGuestUser" time="3.578"/>
  <testcase classname="tests.CartTest" name="testRemoveProductsFromCartAsGuest" time="4.733"/>
  <testcase classname="tests.CartTest" name="testUpdateProductQuantity" time="5.242"/>
  <testcase classname="tests.ContactTest" name="testHeadingVisibility" time="1.088"/>
  <testcase classname="tests.ContactTest" name="testFormSuccess" time="3.48"/>
  <testcase classname="tests.ReviewTest" name="testReviewSuccess" time="6.877"/>
  <testcase classname="tests.SubscriptionTest" name="testSubscriptionSuccess" time="1.78"/>
</testsuite> <!-- Test -->
