<?xml version="1.0" encoding="UTF-8"?>
<!-- Generated by org.testng.reporters.JUnitXMLReporter -->
<testsuite ignored="0" hostname="Jeffins-MBP" failures="0" tests="3" name="Authentication Tests" time="24.597" errors="0" timestamp="2025-06-16T19:26:55 EDT">
  <testcase classname="tests.LoginTest" name="validLoginTest" time="4.515"/>
  <testcase classname="tests.LoginTest" name="invalidLoginTest" time="3.772"/>
  <testcase classname="tests.LoginTest" name="logoutTest" time="6.67"/>
</testsuite> <!-- Authentication Tests -->
