<?xml version="1.0" encoding="UTF-8"?>
<!-- Generated by org.testng.reporters.JUnitXMLReporter -->
<testsuite ignored="0" hostname="Jeffins-MBP" failures="3" tests="3" name="Auth Tests" time="0.126" errors="0" timestamp="2025-06-16T18:13:27 EDT">
  <testcase classname="tests.LoginTest" name="validLoginTest" time="0.022">
    <failure type="java.lang.NullPointerException" message="Cannot invoke &amp;quot;pages.LoginPage.login(String, String)&amp;quot; because &amp;quot;this.loginPage&amp;quot; is null">
      <![CDATA[java.lang.NullPointerException: Cannot invoke "pages.LoginPage.login(String, String)" because "this.loginPage" is null
at tests.LoginTest.validLoginTest(LoginTest.java:33)
at java.base/java.util.ArrayList.forEach(ArrayList.java:1597)
... Removed 25 stack frames]]>
    </failure>
  </testcase> <!-- validLoginTest -->
  <testcase classname="tests.LoginTest" name="invalidLoginTest" time="0.002">
    <failure type="java.lang.NullPointerException" message="Cannot invoke &amp;quot;pages.LoginPage.login(String, String)&amp;quot; because &amp;quot;this.loginPage&amp;quot; is null">
      <![CDATA[java.lang.NullPointerException: Cannot invoke "pages.LoginPage.login(String, String)" because "this.loginPage" is null
at tests.LoginTest.invalidLoginTest(LoginTest.java:42)
at java.base/java.util.ArrayList.forEach(ArrayList.java:1597)
... Removed 25 stack frames]]>
    </failure>
  </testcase> <!-- invalidLoginTest -->
  <testcase classname="tests.LoginTest" name="logoutTest" time="0.003">
    <failure type="java.lang.NullPointerException" message="Cannot invoke &amp;quot;pages.LoginPage.login(String, String)&amp;quot; because &amp;quot;this.loginPage&amp;quot; is null">
      <![CDATA[java.lang.NullPointerException: Cannot invoke "pages.LoginPage.login(String, String)" because "this.loginPage" is null
at tests.LoginTest.logoutTest(LoginTest.java:50)
at java.base/java.util.ArrayList.forEach(ArrayList.java:1597)
... Removed 25 stack frames]]>
    </failure>
  </testcase> <!-- logoutTest -->
</testsuite> <!-- Auth Tests -->
